2024-12-06 11:01:02.666 [AWT-EventQueue-0] INFO  PL.EditorPO - Do you want to delete the selected file?
2024-12-06 11:02:30.776 [AWT-EventQueue-0] INFO  PL.EditorPO - Do you want to delete the selected file?
2024-12-06 11:02:31.754 [AWT-EventQueue-0] WARN  PL.EditorPO - Please select a file to delete.
2024-12-08 17:59:02.807 [AWT-EventQueue-0] INFO  PL.EditorPO - File created successfully!
2024-12-08 17:59:09.369 [AWT-EventQueue-0] INFO  PL.EditorPO - TF-IDF Score for 'bfg' is: -0.6931471805599453
2024-12-08 17:59:11.660 [AWT-EventQueue-0] INFO  PL.EditorPO - TF-IDF Score for 'dfg' is: -0.6931471805599453
2024-12-08 22:18:59.480 [AWT-EventQueue-0] INFO  pl.EditorPO - TF-IDF Score for 'bfg' is: -0.6931471805599453
2024-12-09 02:14:29.019 [AWT-EventQueue-0] INFO  pl.EditorPO - File created successfully!
2024-12-09 02:14:41.013 [Thread-3] INFO  pl.EditorPO - Group_9.pdf failed to upload!
2024-12-09 02:15:31.398 [Thread-5] INFO  pl.EditorPO - n.txt uploaded successfully!
2024-12-09 02:15:36.868 [AWT-EventQueue-0] INFO  pl.EditorPO - Do you want to delete the selected file?
2024-12-09 02:15:38.434 [AWT-EventQueue-0] WARN  pl.EditorPO - Please select a file to delete.
2024-12-09 02:15:41.539 [AWT-EventQueue-0] INFO  pl.EditorPO - Do you want to delete the selected file?
2024-12-09 02:15:42.185 [AWT-EventQueue-0] INFO  pl.EditorPO - File deleted successfully!
2024-12-09 02:15:45.834 [AWT-EventQueue-0] INFO  pl.EditorPO - TF-IDF Score for 'bfg' is: -0.2876820724517809
2024-12-09 02:15:50.570 [AWT-EventQueue-0] INFO  pl.EditorPO - TF-IDF Score for 'kghhj' is: -0.40546510810816444
2024-12-09 17:51:37.626 [main] ERROR pl.EditorPO - GSS-API authentication exception
2024-12-10 21:23:27.012 [AWT-EventQueue-0] INFO  pl.EditorPO - File updated successfully!
2024-12-10 21:23:53.981 [AWT-EventQueue-0] INFO  pl.EditorPO - File updated successfully!
2024-12-10 21:25:27.599 [AWT-EventQueue-0] INFO  pl.EditorPO - Do you want to delete the selected file?
2024-12-10 21:25:40.338 [AWT-EventQueue-0] INFO  pl.EditorPO - TF-IDF Score for 'surah falaq.txt' is: 0.009627044174443686
2024-12-10 21:25:45.280 [AWT-EventQueue-0] INFO  pl.EditorPO - TF-IDF Score for 'quran-simple.txt' is: 0.014417461355646866
2026-02-15 13:16:07.319 [main] ERROR dal.DatabaseConnection - Database connection failed: GSS-API authentication exception
2026-02-15 13:17:57.892 [main] ERROR dal.DatabaseConnection - Database connection failed: GSS-API authentication exception
2026-02-15 13:18:05.606 [main] ERROR dal.DatabaseConnection - Database connection failed: GSS-API authentication exception
2026-02-15 13:19:32.386 [main] ERROR dal.DatabaseConnection - Database connection failed: GSS-API authentication exception
2026-02-15 13:19:47.649 [main] ERROR dal.DatabaseConnection - Database connection failed: GSS-API authentication exception
2026-02-15 17:13:09.194 [main] ERROR pl.EditorPO - (conn=10) Table 'realeditor.files' doesn't exist
2026-02-15 17:14:45.325 [main] ERROR pl.EditorPO - (conn=11) Table 'realeditor.pages' doesn't exist
2026-02-15 17:15:22.903 [main] ERROR pl.EditorPO - (conn=12) Table 'realeditor.transliteratedpages' doesn't exist
2026-02-15 17:16:21.768 [main] ERROR pl.EditorPO - (conn=13) Unknown column 'pageId' in 'INSERT INTO'
2026-02-15 17:16:59.474 [main] ERROR pl.EditorPO - (conn=14) Unknown column 'pageId' in 'INSERT INTO'
2026-02-15 17:17:06.334 [main] ERROR pl.EditorPO - (conn=15) Unknown column 'pageId' in 'INSERT INTO'
2026-02-15 17:18:14.113 [main] ERROR pl.EditorPO - (conn=16) Unknown column 'pageId' in 'INSERT INTO'
2026-02-15 17:18:23.877 [main] ERROR pl.EditorPO - (conn=17) Unknown column 'pageId' in 'INSERT INTO'
2026-02-15 17:18:54.953 [main] ERROR pl.EditorPO - (conn=18) Unknown column 'pageId' in 'INSERT INTO'
2026-02-15 17:19:30.454 [main] ERROR pl.EditorPO - (conn=19) Unknown column 'pageId' in 'INSERT INTO'
2026-02-15 17:20:12.042 [main] ERROR pl.EditorPO - (conn=20) Unknown column 'pageId' in 'INSERT INTO'
2026-02-15 17:21:22.827 [main] ERROR pl.EditorPO - (conn=21) Field 'pageId' doesn't have a default value
2026-02-15 17:23:22.259 [main] ERROR pl.EditorPO - (conn=22) Unknown column 'pageId' in 'INSERT INTO'
2026-02-15 17:24:04.148 [main] ERROR pl.EditorPO - (conn=23) Field 'pageId' doesn't have a default value
